<?xml version="1.0" encoding="UTF-8"?>
<!-- Generated by org.testng.reporters.JUnitXMLReporter -->
<testsuite hostname="BRIDT-1420" ignored="0" name="FirefoxTest" tests="1" failures="0" timestamp="06 Apr 2018 06:26:57 GMT" time="0.104" errors="0">
  <testcase name="@BeforeTest setup" time="0.093" classname="parallelTest.CrossBrowserScript">
    <failure type="java.lang.NoSuchMethodError" message="com.google.gson.GsonBuilder.setLenient()Lcom/google/gson/GsonBuilder;">
      <![CDATA[java.lang.NoSuchMethodError: com.google.gson.GsonBuilder.setLenient()Lcom/google/gson/GsonBuilder;
at org.openqa.selenium.json.Json.<clinit>(Json.java:47)
at org.openqa.selenium.firefox.Preferences.readDefaultPreferences(Preferences.java:95)
at org.openqa.selenium.firefox.Preferences.<init>(Preferences.java:65)
at org.openqa.selenium.firefox.FirefoxProfile.<init>(FirefoxProfile.java:81)
at org.openqa.selenium.firefox.FirefoxProfile.<init>(FirefoxProfile.java:71)
at org.openqa.selenium.firefox.FirefoxProfile.<init>(FirefoxProfile.java:60)
at org.openqa.selenium.firefox.FirefoxDriver.toExecutor(FirefoxDriver.java:147)
at org.openqa.selenium.firefox.FirefoxDriver.<init>(FirefoxDriver.java:120)
at org.openqa.selenium.firefox.FirefoxDriver.<init>(FirefoxDriver.java:98)
at parallelTest.CrossBrowserScript.setup(CrossBrowserScript.java:34)
at java.util.concurrent.FutureTask.run(FutureTask.java:266)
at java.util.concurrent.ThreadPoolExecutor.runWorker(ThreadPoolExecutor.java:1142)
at java.util.concurrent.ThreadPoolExecutor$Worker.run(ThreadPoolExecutor.java:617)
at java.lang.Thread.run(Thread.java:745)
... Removed 15 stack frames]]>
    </failure>
  </testcase> <!-- @BeforeTest setup -->
  <testcase name="testParameterWithXML" time="0.0" classname="parallelTest.CrossBrowserScript">
    <skipped/>
  </testcase> <!-- testParameterWithXML -->
</testsuite> <!-- FirefoxTest -->
